time="2023-08-20T22:34:38Z" level=info msg="create process:wasm_engine"
time="2023-08-20T22:34:38Z" level=info msg="create process:rpk_status"
time="2023-08-20T22:34:38Z" level=info msg="stop listening"
time="2023-08-20T22:34:38Z" level=info msg="try to start program" program=wasm_engine
time="2023-08-20T22:34:38Z" level=info msg="try to start program" program=rpk_status
time="2023-08-20T22:34:39Z" level=info msg="success to start program" program=rpk_status
time="2023-08-20T22:34:39Z" level=info msg="success to start program" program=wasm_engine
time="2023-08-20T22:58:39Z" level=info msg="create process:rpk_status"
time="2023-08-20T22:58:39Z" level=info msg="create process:wasm_engine"
time="2023-08-20T22:58:39Z" level=info msg="stop listening"
time="2023-08-20T22:58:39Z" level=info msg="try to start program" program=rpk_status
time="2023-08-20T22:58:39Z" level=info msg="try to start program" program=wasm_engine
time="2023-08-20T22:58:40Z" level=info msg="success to start program" program=rpk_status
time="2023-08-20T22:58:40Z" level=info msg="success to start program" program=wasm_engine
time="2023-08-20T23:46:03Z" level=info msg="create process:rpk_status"
time="2023-08-20T23:46:03Z" level=info msg="create process:wasm_engine"
time="2023-08-20T23:46:03Z" level=info msg="stop listening"
time="2023-08-20T23:46:03Z" level=info msg="try to start program" program=rpk_status
time="2023-08-20T23:46:03Z" level=info msg="try to start program" program=wasm_engine
time="2023-08-20T23:46:04Z" level=info msg="success to start program" program=rpk_status
time="2023-08-20T23:46:04Z" level=info msg="success to start program" program=wasm_engine
time="2023-08-20T23:57:42Z" level=info msg="create process:rpk_status"
time="2023-08-20T23:57:42Z" level=info msg="create process:wasm_engine"
time="2023-08-20T23:57:42Z" level=info msg="stop listening"
time="2023-08-20T23:57:42Z" level=info msg="try to start program" program=rpk_status
time="2023-08-20T23:57:42Z" level=info msg="try to start program" program=wasm_engine
time="2023-08-20T23:57:43Z" level=info msg="success to start program" program=rpk_status
time="2023-08-20T23:57:43Z" level=info msg="success to start program" program=wasm_engine
time="2023-08-21T00:29:53Z" level=info msg="create process:rpk_status"
time="2023-08-21T00:29:53Z" level=info msg="create process:wasm_engine"
time="2023-08-21T00:29:53Z" level=info msg="stop listening"
time="2023-08-21T00:29:53Z" level=info msg="try to start program" program=rpk_status
time="2023-08-21T00:29:53Z" level=info msg="try to start program" program=wasm_engine
time="2023-08-21T00:29:54Z" level=info msg="success to start program" program=rpk_status
time="2023-08-21T00:29:54Z" level=info msg="success to start program" program=wasm_engine
